<?xml version="1.0" encoding="UTF-8"?>
<testsuite xmlns:xsi="http://www.w3.org/2001/XMLSchema-instance" xsi:noNamespaceSchemaLocation="https://maven.apache.org/surefire/maven-failsafe-plugin/xsd/failsafe-test-report.xsd" name="com.example.testsuits.TimeZoneSuite" time="1.623" tests="1" errors="1" skipped="0" failures="0">
  <properties>
    <property name="sun.desktop" value="gnome"/>
    <property name="awt.toolkit" value="sun.awt.X11.XToolkit"/>
    <property name="file.encoding.pkg" value="sun.io"/>
    <property name="java.specification.version" value="1.8"/>
    <property name="sun.cpu.isalist" value=""/>
    <property name="sun.jnu.encoding" value="UTF-8"/>
    <property name="java.class.path" value="/home/jinesh/JINESH/SEM_8/IQM/timezonedb-api-automation-test/target/test-classes:/home/jinesh/JINESH/SEM_8/IQM/timezonedb-api-automation-test/target/timezonedb-api-automation-test-1.0-SNAPSHOT.jar:/home/jinesh/.m2/repository/net/serenity-bdd/serenity-core/2.0.91/serenity-core-2.0.91.jar:/home/jinesh/.m2/repository/net/bytebuddy/byte-buddy/1.10.1/byte-buddy-1.10.1.jar:/home/jinesh/.m2/repository/net/bytebuddy/byte-buddy-agent/1.10.1/byte-buddy-agent-1.10.1.jar:/home/jinesh/.m2/repository/com/google/guava/guava/25.0-jre/guava-25.0-jre.jar:/home/jinesh/.m2/repository/com/google/code/findbugs/jsr305/1.3.9/jsr305-1.3.9.jar:/home/jinesh/.m2/repository/org/checkerframework/checker-compat-qual/2.0.0/checker-compat-qual-2.0.0.jar:/home/jinesh/.m2/repository/com/google/errorprone/error_prone_annotations/2.1.3/error_prone_annotations-2.1.3.jar:/home/jinesh/.m2/repository/com/google/j2objc/j2objc-annotations/1.1/j2objc-annotations-1.1.jar:/home/jinesh/.m2/repository/org/codehaus/mojo/animal-sniffer-annotations/1.14/animal-sniffer-annotations-1.14.jar:/home/jinesh/.m2/repository/com/google/inject/guice/4.2.2/guice-4.2.2.jar:/home/jinesh/.m2/repository/aopalliance/aopalliance/1.0/aopalliance-1.0.jar:/home/jinesh/.m2/repository/org/ow2/asm/asm/7.2/asm-7.2.jar:/home/jinesh/.m2/repository/commons-codec/commons-codec/1.10/commons-codec-1.10.jar:/home/jinesh/.m2/repository/org/objenesis/objenesis/3.0.1/objenesis-3.0.1.jar:/home/jinesh/.m2/repository/org/slf4j/slf4j-api/1.7.26/slf4j-api-1.7.26.jar:/home/jinesh/.m2/repository/xml-apis/xml-apis/1.4.01/xml-apis-1.4.01.jar:/home/jinesh/.m2/repository/commons-logging/commons-logging/1.2/commons-logging-1.2.jar:/home/jinesh/.m2/repository/io/vavr/vavr/0.9.0/vavr-0.9.0.jar:/home/jinesh/.m2/repository/io/vavr/vavr-match/0.9.0/vavr-match-0.9.0.jar:/home/jinesh/.m2/repository/javax/xml/bind/jaxb-api/2.2.12/jaxb-api-2.2.12.jar:/home/jinesh/.m2/repository/com/sun/xml/bind/jaxb-core/2.3.0.1/jaxb-core-2.3.0.1.jar:/home/jinesh/.m2/repository/com/sun/xml/bind/jaxb-impl/2.3.0.1/jaxb-impl-2.3.0.1.jar:/home/jinesh/.m2/repository/javax/activation/activation/1.1.1/activation-1.1.1.jar:/home/jinesh/.m2/repository/org/mockito/mockito-core/3.1.0/mockito-core-3.1.0.jar:/home/jinesh/.m2/repository/net/serenity-bdd/serenity-report-resources/2.0.91/serenity-report-resources-2.0.91.jar:/home/jinesh/.m2/repository/net/serenity-bdd/serenity-model/2.0.91/serenity-model-2.0.91.jar:/home/jinesh/.m2/repository/commons-net/commons-net/3.6/commons-net-3.6.jar:/home/jinesh/.m2/repository/org/apache/commons/commons-text/1.6/commons-text-1.6.jar:/home/jinesh/.m2/repository/es/nitaur/markdown/txtmark/0.16/txtmark-0.16.jar:/home/jinesh/.m2/repository/net/serenity-bdd/serenity-reports/2.0.91/serenity-reports-2.0.91.jar:/home/jinesh/.m2/repository/net/serenity-bdd/serenity-stats/2.0.91/serenity-stats-2.0.91.jar:/home/jinesh/.m2/repository/org/jetbrains/kotlin/kotlin-stdlib/1.3.31/kotlin-stdlib-1.3.31.jar:/home/jinesh/.m2/repository/org/jetbrains/kotlin/kotlin-stdlib-common/1.3.31/kotlin-stdlib-common-1.3.31.jar:/home/jinesh/.m2/repository/org/jetbrains/annotations/13.0/annotations-13.0.jar:/home/jinesh/.m2/repository/com/google/code/gson/gson/2.8.4/gson-2.8.4.jar:/home/jinesh/.m2/repository/commons-io/commons-io/2.6/commons-io-2.6.jar:/home/jinesh/.m2/repository/org/seleniumhq/selenium/selenium-server/3.141.59/selenium-server-3.141.59.jar:/home/jinesh/.m2/repository/org/seleniumhq/selenium/selenium-firefox-driver/3.141.59/selenium-firefox-driver-3.141.59.jar:/home/jinesh/.m2/repository/org/seleniumhq/selenium/selenium-ie-driver/3.141.59/selenium-ie-driver-3.141.59.jar:/home/jinesh/.m2/repository/com/beust/jcommander/1.72/jcommander-1.72.jar:/home/jinesh/.m2/repository/org/apache/commons/commons-exec/1.3/commons-exec-1.3.jar:/home/jinesh/.m2/repository/net/jcip/jcip-annotations/1.0/jcip-annotations-1.0.jar:/home/jinesh/.m2/repository/org/seleniumhq/selenium/jetty-repacked/9.4.12.v20180830/jetty-repacked-9.4.12.v20180830.jar:/home/jinesh/.m2/repository/com/squareup/okhttp3/okhttp/3.11.0/okhttp-3.11.0.jar:/home/jinesh/.m2/repository/com/squareup/okio/okio/1.14.0/okio-1.14.0.jar:/home/jinesh/.m2/repository/javax/servlet/javax.servlet-api/3.1.0/javax.servlet-api-3.1.0.jar:/home/jinesh/.m2/repository/org/yaml/snakeyaml/1.19/snakeyaml-1.19.jar:/home/jinesh/.m2/repository/org/seleniumhq/selenium/selenium-java/3.141.59/selenium-java-3.141.59.jar:/home/jinesh/.m2/repository/org/seleniumhq/selenium/selenium-api/3.141.59/selenium-api-3.141.59.jar:/home/jinesh/.m2/repository/org/seleniumhq/selenium/selenium-chrome-driver/3.141.59/selenium-chrome-driver-3.141.59.jar:/home/jinesh/.m2/repository/org/seleniumhq/selenium/selenium-edge-driver/3.141.59/selenium-edge-driver-3.141.59.jar:/home/jinesh/.m2/repository/org/seleniumhq/selenium/selenium-remote-driver/3.141.59/selenium-remote-driver-3.141.59.jar:/home/jinesh/.m2/repository/org/seleniumhq/selenium/selenium-safari-driver/3.141.59/selenium-safari-driver-3.141.59.jar:/home/jinesh/.m2/repository/org/seleniumhq/selenium/selenium-opera-driver/3.141.59/selenium-opera-driver-3.141.59.jar:/home/jinesh/.m2/repository/org/seleniumhq/selenium/selenium-support/3.141.59/selenium-support-3.141.59.jar:/home/jinesh/.m2/repository/com/paulhammant/ngwebdriver/1.1.4/ngwebdriver-1.1.4.jar:/home/jinesh/.m2/repository/com/codeborne/phantomjsdriver/1.4.4/phantomjsdriver-1.4.4.jar:/home/jinesh/.m2/repository/org/seleniumhq/selenium/htmlunit-driver/2.36.0/htmlunit-driver-2.36.0.jar:/home/jinesh/.m2/repository/io/appium/java-client/7.3.0/java-client-7.3.0.jar:/home/jinesh/.m2/repository/org/aspectj/aspectjweaver/1.9.4/aspectjweaver-1.9.4.jar:/home/jinesh/.m2/repository/org/springframework/spring-context-support/5.1.2.RELEASE/spring-context-support-5.1.2.RELEASE.jar:/home/jinesh/.m2/repository/org/springframework/spring-beans/5.1.2.RELEASE/spring-beans-5.1.2.RELEASE.jar:/home/jinesh/.m2/repository/org/springframework/spring-context/5.1.2.RELEASE/spring-context-5.1.2.RELEASE.jar:/home/jinesh/.m2/repository/org/springframework/spring-aop/5.1.2.RELEASE/spring-aop-5.1.2.RELEASE.jar:/home/jinesh/.m2/repository/org/springframework/spring-expression/5.1.2.RELEASE/spring-expression-5.1.2.RELEASE.jar:/home/jinesh/.m2/repository/org/springframework/spring-core/5.1.2.RELEASE/spring-core-5.1.2.RELEASE.jar:/home/jinesh/.m2/repository/org/springframework/spring-jcl/5.1.2.RELEASE/spring-jcl-5.1.2.RELEASE.jar:/home/jinesh/.m2/repository/org/codehaus/groovy/groovy/2.5.5/groovy-2.5.5.jar:/home/jinesh/.m2/repository/net/sf/opencsv/opencsv/2.0/opencsv-2.0.jar:/home/jinesh/.m2/repository/commons-beanutils/commons-beanutils-core/1.8.3/commons-beanutils-core-1.8.3.jar:/home/jinesh/.m2/repository/joda-time/joda-time/2.7/joda-time-2.7.jar:/home/jinesh/.m2/repository/com/thoughtworks/xstream/xstream/1.4.9/xstream-1.4.9.jar:/home/jinesh/.m2/repository/xmlpull/xmlpull/1.1.3.1/xmlpull-1.1.3.1.jar:/home/jinesh/.m2/repository/xpp3/xpp3_min/1.1.4c/xpp3_min-1.1.4c.jar:/home/jinesh/.m2/repository/org/apache/commons/commons-lang3/3.8.1/commons-lang3-3.8.1.jar:/home/jinesh/.m2/repository/commons-collections/commons-collections/3.2.2/commons-collections-3.2.2.jar:/home/jinesh/.m2/repository/org/freemarker/freemarker/2.3.28/freemarker-2.3.28.jar:/home/jinesh/.m2/repository/net/sourceforge/jexcelapi/jxl/2.6.12/jxl-2.6.12.jar:/home/jinesh/.m2/repository/org/hamcrest/hamcrest-core/1.3/hamcrest-core-1.3.jar:/home/jinesh/.m2/repository/org/hamcrest/hamcrest-library/1.3/hamcrest-library-1.3.jar:/home/jinesh/.m2/repository/net/sourceforge/htmlunit/htmlunit/2.36.0/htmlunit-2.36.0.jar:/home/jinesh/.m2/repository/net/sourceforge/htmlunit/htmlunit-core-js/2.36.0/htmlunit-core-js-2.36.0.jar:/home/jinesh/.m2/repository/net/sourceforge/htmlunit/neko-htmlunit/2.36.0/neko-htmlunit-2.36.0.jar:/home/jinesh/.m2/repository/xerces/xercesImpl/2.12.0/xercesImpl-2.12.0.jar:/home/jinesh/.m2/repository/net/sourceforge/htmlunit/htmlunit-cssparser/1.5.0/htmlunit-cssparser-1.5.0.jar:/home/jinesh/.m2/repository/org/brotli/dec/0.1.2/dec-0.1.2.jar:/home/jinesh/.m2/repository/org/eclipse/jetty/websocket/websocket-client/9.4.20.v20190813/websocket-client-9.4.20.v20190813.jar:/home/jinesh/.m2/repository/org/eclipse/jetty/jetty-client/9.4.20.v20190813/jetty-client-9.4.20.v20190813.jar:/home/jinesh/.m2/repository/org/eclipse/jetty/jetty-http/9.4.20.v20190813/jetty-http-9.4.20.v20190813.jar:/home/jinesh/.m2/repository/org/eclipse/jetty/jetty-xml/9.4.20.v20190813/jetty-xml-9.4.20.v20190813.jar:/home/jinesh/.m2/repository/org/eclipse/jetty/jetty-util/9.4.20.v20190813/jetty-util-9.4.20.v20190813.jar:/home/jinesh/.m2/repository/org/eclipse/jetty/jetty-io/9.4.20.v20190813/jetty-io-9.4.20.v20190813.jar:/home/jinesh/.m2/repository/org/eclipse/jetty/websocket/websocket-common/9.4.20.v20190813/websocket-common-9.4.20.v20190813.jar:/home/jinesh/.m2/repository/org/eclipse/jetty/websocket/websocket-api/9.4.20.v20190813/websocket-api-9.4.20.v20190813.jar:/home/jinesh/.m2/repository/org/apache/httpcomponents/httpclient/4.5.5/httpclient-4.5.5.jar:/home/jinesh/.m2/repository/org/apache/httpcomponents/httpcore/4.4.9/httpcore-4.4.9.jar:/home/jinesh/.m2/repository/org/apache/httpcomponents/httpmime/4.5.5/httpmime-4.5.5.jar:/home/jinesh/.m2/repository/org/fluentlenium/fluentlenium-core/0.10.2/fluentlenium-core-0.10.2.jar:/home/jinesh/.m2/repository/com/jhlabs/filters/2.0.235/filters-2.0.235.jar:/home/jinesh/.m2/repository/org/asciidoctor/asciidoctorj/1.5.6/asciidoctorj-1.5.6.jar:/home/jinesh/.m2/repository/org/jruby/jruby-complete/1.7.26/jruby-complete-1.7.26.jar:/home/jinesh/.m2/repository/org/imgscalr/imgscalr-lib/4.2/imgscalr-lib-4.2.jar:/home/jinesh/.m2/repository/javax/el/javax.el-api/2.2.4/javax.el-api-2.2.4.jar:/home/jinesh/.m2/repository/org/glassfish/web/javax.el/2.2.4/javax.el-2.2.4.jar:/home/jinesh/.m2/repository/xalan/xalan/2.7.2/xalan-2.7.2.jar:/home/jinesh/.m2/repository/xalan/serializer/2.7.2/serializer-2.7.2.jar:/home/jinesh/.m2/repository/org/awaitility/awaitility/4.0.1/awaitility-4.0.1.jar:/home/jinesh/.m2/repository/org/hamcrest/hamcrest/2.1/hamcrest-2.1.jar:/home/jinesh/.m2/repository/com/typesafe/config/1.3.1/config-1.3.1.jar:/home/jinesh/.m2/repository/org/jsoup/jsoup/1.10.3/jsoup-1.10.3.jar:/home/jinesh/.m2/repository/com/google/jimfs/jimfs/1.1/jimfs-1.1.jar:/home/jinesh/.m2/repository/com/vladsch/flexmark/flexmark-all/0.34.30/flexmark-all-0.34.30.jar:/home/jinesh/.m2/repository/com/vladsch/flexmark/flexmark/0.34.30/flexmark-0.34.30.jar:/home/jinesh/.m2/repository/com/vladsch/flexmark/flexmark-ext-abbreviation/0.34.30/flexmark-ext-abbreviation-0.34.30.jar:/home/jinesh/.m2/repository/com/vladsch/flexmark/flexmark-ext-admonition/0.34.30/flexmark-ext-admonition-0.34.30.jar:/home/jinesh/.m2/repository/com/vladsch/flexmark/flexmark-ext-anchorlink/0.34.30/flexmark-ext-anchorlink-0.34.30.jar:/home/jinesh/.m2/repository/com/vladsch/flexmark/flexmark-ext-aside/0.34.30/flexmark-ext-aside-0.34.30.jar:/home/jinesh/.m2/repository/com/vladsch/flexmark/flexmark-ext-attributes/0.34.30/flexmark-ext-attributes-0.34.30.jar:/home/jinesh/.m2/repository/com/vladsch/flexmark/flexmark-ext-autolink/0.34.30/flexmark-ext-autolink-0.34.30.jar:/home/jinesh/.m2/repository/org/nibor/autolink/autolink/0.6.0/autolink-0.6.0.jar:/home/jinesh/.m2/repository/com/vladsch/flexmark/flexmark-ext-definition/0.34.30/flexmark-ext-definition-0.34.30.jar:/home/jinesh/.m2/repository/com/vladsch/flexmark/flexmark-ext-emoji/0.34.30/flexmark-ext-emoji-0.34.30.jar:/home/jinesh/.m2/repository/com/vladsch/flexmark/flexmark-ext-enumerated-reference/0.34.30/flexmark-ext-enumerated-reference-0.34.30.jar:/home/jinesh/.m2/repository/com/vladsch/flexmark/flexmark-ext-escaped-character/0.34.30/flexmark-ext-escaped-character-0.34.30.jar:/home/jinesh/.m2/repository/com/vladsch/flexmark/flexmark-ext-footnotes/0.34.30/flexmark-ext-footnotes-0.34.30.jar:/home/jinesh/.m2/repository/com/vladsch/flexmark/flexmark-ext-gfm-issues/0.34.30/flexmark-ext-gfm-issues-0.34.30.jar:/home/jinesh/.m2/repository/com/vladsch/flexmark/flexmark-ext-gfm-strikethrough/0.34.30/flexmark-ext-gfm-strikethrough-0.34.30.jar:/home/jinesh/.m2/repository/com/vladsch/flexmark/flexmark-ext-gfm-tables/0.34.30/flexmark-ext-gfm-tables-0.34.30.jar:/home/jinesh/.m2/repository/com/vladsch/flexmark/flexmark-ext-gfm-tasklist/0.34.30/flexmark-ext-gfm-tasklist-0.34.30.jar:/home/jinesh/.m2/repository/com/vladsch/flexmark/flexmark-ext-gfm-users/0.34.30/flexmark-ext-gfm-users-0.34.30.jar:/home/jinesh/.m2/repository/com/vladsch/flexmark/flexmark-ext-gitlab/0.34.30/flexmark-ext-gitlab-0.34.30.jar:/home/jinesh/.m2/repository/com/vladsch/flexmark/flexmark-ext-jekyll-front-matter/0.34.30/flexmark-ext-jekyll-front-matter-0.34.30.jar:/home/jinesh/.m2/repository/com/vladsch/flexmark/flexmark-ext-jekyll-tag/0.34.30/flexmark-ext-jekyll-tag-0.34.30.jar:/home/jinesh/.m2/repository/com/vladsch/flexmark/flexmark-ext-media-tags/0.34.30/flexmark-ext-media-tags-0.34.30.jar:/home/jinesh/.m2/repository/com/vladsch/flexmark/flexmark-test-util/0.34.30/flexmark-test-util-0.34.30.jar:/home/jinesh/.m2/repository/com/vladsch/flexmark/flexmark-ext-ins/0.34.30/flexmark-ext-ins-0.34.30.jar:/home/jinesh/.m2/repository/com/vladsch/flexmark/flexmark-ext-xwiki-macros/0.34.30/flexmark-ext-xwiki-macros-0.34.30.jar:/home/jinesh/.m2/repository/com/vladsch/flexmark/flexmark-ext-superscript/0.34.30/flexmark-ext-superscript-0.34.30.jar:/home/jinesh/.m2/repository/com/vladsch/flexmark/flexmark-ext-tables/0.34.30/flexmark-ext-tables-0.34.30.jar:/home/jinesh/.m2/repository/com/vladsch/flexmark/flexmark-ext-toc/0.34.30/flexmark-ext-toc-0.34.30.jar:/home/jinesh/.m2/repository/com/vladsch/flexmark/flexmark-ext-typographic/0.34.30/flexmark-ext-typographic-0.34.30.jar:/home/jinesh/.m2/repository/com/vladsch/flexmark/flexmark-ext-wikilink/0.34.30/flexmark-ext-wikilink-0.34.30.jar:/home/jinesh/.m2/repository/com/vladsch/flexmark/flexmark-ext-yaml-front-matter/0.34.30/flexmark-ext-yaml-front-matter-0.34.30.jar:/home/jinesh/.m2/repository/com/vladsch/flexmark/flexmark-ext-youtube-embedded/0.34.30/flexmark-ext-youtube-embedded-0.34.30.jar:/home/jinesh/.m2/repository/com/vladsch/flexmark/flexmark-formatter/0.34.30/flexmark-formatter-0.34.30.jar:/home/jinesh/.m2/repository/com/vladsch/flexmark/flexmark-html-parser/0.34.30/flexmark-html-parser-0.34.30.jar:/home/jinesh/.m2/repository/com/vladsch/flexmark/flexmark-jira-converter/0.34.30/flexmark-jira-converter-0.34.30.jar:/home/jinesh/.m2/repository/com/vladsch/flexmark/flexmark-pdf-converter/0.34.30/flexmark-pdf-converter-0.34.30.jar:/home/jinesh/.m2/repository/com/openhtmltopdf/openhtmltopdf-core/0.0.1-RC13/openhtmltopdf-core-0.0.1-RC13.jar:/home/jinesh/.m2/repository/com/openhtmltopdf/openhtmltopdf-pdfbox/0.0.1-RC13/openhtmltopdf-pdfbox-0.0.1-RC13.jar:/home/jinesh/.m2/repository/org/apache/pdfbox/pdfbox/2.0.8/pdfbox-2.0.8.jar:/home/jinesh/.m2/repository/org/apache/pdfbox/fontbox/2.0.8/fontbox-2.0.8.jar:/home/jinesh/.m2/repository/org/apache/pdfbox/xmpbox/2.0.8/xmpbox-2.0.8.jar:/home/jinesh/.m2/repository/de/rototor/pdfbox/graphics2d/0.12/graphics2d-0.12.jar:/home/jinesh/.m2/repository/com/openhtmltopdf/openhtmltopdf-rtl-support/0.0.1-RC13/openhtmltopdf-rtl-support-0.0.1-RC13.jar:/home/jinesh/.m2/repository/com/ibm/icu/icu4j/59.1/icu4j-59.1.jar:/home/jinesh/.m2/repository/com/openhtmltopdf/openhtmltopdf-jsoup-dom-converter/0.0.1-RC13/openhtmltopdf-jsoup-dom-converter-0.0.1-RC13.jar:/home/jinesh/.m2/repository/com/vladsch/flexmark/flexmark-profile-pegdown/0.34.30/flexmark-profile-pegdown-0.34.30.jar:/home/jinesh/.m2/repository/com/vladsch/flexmark/flexmark-util/0.34.30/flexmark-util-0.34.30.jar:/home/jinesh/.m2/repository/com/vladsch/flexmark/flexmark-youtrack-converter/0.34.30/flexmark-youtrack-converter-0.34.30.jar:/home/jinesh/.m2/repository/io/cucumber/cucumber-java/4.8.0/cucumber-java-4.8.0.jar:/home/jinesh/.m2/repository/io/cucumber/cucumber-core/4.8.0/cucumber-core-4.8.0.jar:/home/jinesh/.m2/repository/io/cucumber/gherkin/5.1.0/gherkin-5.1.0.jar:/home/jinesh/.m2/repository/io/cucumber/tag-expressions/1.1.1/tag-expressions-1.1.1.jar:/home/jinesh/.m2/repository/io/cucumber/cucumber-expressions/7.0.2/cucumber-expressions-7.0.2.jar:/home/jinesh/.m2/repository/io/cucumber/datatable/1.1.14/datatable-1.1.14.jar:/home/jinesh/.m2/repository/io/cucumber/datatable-dependencies/1.1.14/datatable-dependencies-1.1.14.jar:/home/jinesh/.m2/repository/org/apiguardian/apiguardian-api/1.1.0/apiguardian-api-1.1.0.jar:/home/jinesh/.m2/repository/io/cucumber/cucumber-junit/4.8.0/cucumber-junit-4.8.0.jar:/home/jinesh/.m2/repository/net/serenity-bdd/serenity-junit/2.0.91/serenity-junit-2.0.91.jar:/home/jinesh/.m2/repository/net/serenity-bdd/serenity-rest-assured/2.0.91/serenity-rest-assured-2.0.91.jar:/home/jinesh/.m2/repository/io/rest-assured/rest-assured/3.3.0/rest-assured-3.3.0.jar:/home/jinesh/.m2/repository/org/ccil/cowan/tagsoup/tagsoup/1.2.1/tagsoup-1.2.1.jar:/home/jinesh/.m2/repository/io/rest-assured/json-path/3.3.0/json-path-3.3.0.jar:/home/jinesh/.m2/repository/io/rest-assured/rest-assured-common/3.3.0/rest-assured-common-3.3.0.jar:/home/jinesh/.m2/repository/io/rest-assured/xml-path/3.3.0/xml-path-3.3.0.jar:/home/jinesh/.m2/repository/com/sun/xml/bind/jaxb-osgi/2.2.10/jaxb-osgi-2.2.10.jar:/home/jinesh/.m2/repository/org/apache/sling/org.apache.sling.javax.activation/0.1.0/org.apache.sling.javax.activation-0.1.0.jar:/home/jinesh/.m2/repository/org/codehaus/groovy/groovy-xml/2.5.5/groovy-xml-2.5.5.jar:/home/jinesh/.m2/repository/org/codehaus/groovy/groovy-json/2.5.5/groovy-json-2.5.5.jar:/home/jinesh/.m2/repository/net/serenity-bdd/serenity-screenplay/2.0.91/serenity-screenplay-2.0.91.jar:/home/jinesh/.m2/repository/net/serenity-bdd/serenity-screenplay-rest/2.0.91/serenity-screenplay-rest-2.0.91.jar:/home/jinesh/.m2/repository/net/serenity-bdd/serenity-cucumber4/1.0.30/serenity-cucumber4-1.0.30.jar:/home/jinesh/.m2/repository/net/serenity-bdd/serenity-screenplay-webdriver/2.0.90/serenity-screenplay-webdriver-2.0.90.jar:/home/jinesh/.m2/repository/io/cucumber/datatable-matchers/1.1.14/datatable-matchers-1.1.14.jar:/home/jinesh/.m2/repository/org/apache/commons/commons-csv/1.5/commons-csv-1.5.jar:/home/jinesh/.m2/repository/junit/junit/4.12/junit-4.12.jar:/home/jinesh/.m2/repository/org/assertj/assertj-core/3.6.2/assertj-core-3.6.2.jar:/home/jinesh/.m2/repository/org/hamcrest/hamcrest-all/1.3/hamcrest-all-1.3.jar:/home/jinesh/.m2/repository/com/iqm/api-common/1.28.0/api-common-1.28.0.jar:/home/jinesh/.m2/repository/redis/clients/jedis/2.9.0/jedis-2.9.0.jar:/home/jinesh/.m2/repository/org/apache/commons/commons-pool2/2.4.2/commons-pool2-2.4.2.jar:/home/jinesh/.m2/repository/org/springframework/boot/spring-boot-starter-web/2.1.1.RELEASE/spring-boot-starter-web-2.1.1.RELEASE.jar:/home/jinesh/.m2/repository/org/springframework/boot/spring-boot-starter/2.1.1.RELEASE/spring-boot-starter-2.1.1.RELEASE.jar:/home/jinesh/.m2/repository/org/springframework/boot/spring-boot/2.1.1.RELEASE/spring-boot-2.1.1.RELEASE.jar:/home/jinesh/.m2/repository/org/springframework/boot/spring-boot-autoconfigure/2.1.1.RELEASE/spring-boot-autoconfigure-2.1.1.RELEASE.jar:/home/jinesh/.m2/repository/org/springframework/boot/spring-boot-starter-logging/2.1.1.RELEASE/spring-boot-starter-logging-2.1.1.RELEASE.jar:/home/jinesh/.m2/repository/org/apache/logging/log4j/log4j-to-slf4j/2.11.1/log4j-to-slf4j-2.11.1.jar:/home/jinesh/.m2/repository/org/apache/logging/log4j/log4j-api/2.11.1/log4j-api-2.11.1.jar:/home/jinesh/.m2/repository/org/slf4j/jul-to-slf4j/1.7.25/jul-to-slf4j-1.7.25.jar:/home/jinesh/.m2/repository/javax/annotation/javax.annotation-api/1.3.2/javax.annotation-api-1.3.2.jar:/home/jinesh/.m2/repository/org/springframework/boot/spring-boot-starter-json/2.1.1.RELEASE/spring-boot-starter-json-2.1.1.RELEASE.jar:/home/jinesh/.m2/repository/com/fasterxml/jackson/datatype/jackson-datatype-jdk8/2.9.7/jackson-datatype-jdk8-2.9.7.jar:/home/jinesh/.m2/repository/com/fasterxml/jackson/datatype/jackson-datatype-jsr310/2.9.7/jackson-datatype-jsr310-2.9.7.jar:/home/jinesh/.m2/repository/com/fasterxml/jackson/module/jackson-module-parameter-names/2.9.7/jackson-module-parameter-names-2.9.7.jar:/home/jinesh/.m2/repository/org/springframework/boot/spring-boot-starter-tomcat/2.1.1.RELEASE/spring-boot-starter-tomcat-2.1.1.RELEASE.jar:/home/jinesh/.m2/repository/org/apache/tomcat/embed/tomcat-embed-core/9.0.13/tomcat-embed-core-9.0.13.jar:/home/jinesh/.m2/repository/org/apache/tomcat/embed/tomcat-embed-el/9.0.13/tomcat-embed-el-9.0.13.jar:/home/jinesh/.m2/repository/org/apache/tomcat/embed/tomcat-embed-websocket/9.0.13/tomcat-embed-websocket-9.0.13.jar:/home/jinesh/.m2/repository/org/hibernate/validator/hibernate-validator/6.0.13.Final/hibernate-validator-6.0.13.Final.jar:/home/jinesh/.m2/repository/javax/validation/validation-api/2.0.1.Final/validation-api-2.0.1.Final.jar:/home/jinesh/.m2/repository/org/jboss/logging/jboss-logging/3.3.2.Final/jboss-logging-3.3.2.Final.jar:/home/jinesh/.m2/repository/com/fasterxml/classmate/1.3.4/classmate-1.3.4.jar:/home/jinesh/.m2/repository/org/springframework/spring-web/5.1.3.RELEASE/spring-web-5.1.3.RELEASE.jar:/home/jinesh/.m2/repository/org/springframework/spring-webmvc/5.1.3.RELEASE/spring-webmvc-5.1.3.RELEASE.jar:/home/jinesh/.m2/repository/org/json/json/20180813/json-20180813.jar:/home/jinesh/.m2/repository/ch/qos/logback/logback-classic/1.2.3/logback-classic-1.2.3.jar:/home/jinesh/.m2/repository/ch/qos/logback/logback-core/1.2.3/logback-core-1.2.3.jar:/home/jinesh/.m2/repository/com/fasterxml/jackson/core/jackson-databind/2.9.7/jackson-databind-2.9.7.jar:/home/jinesh/.m2/repository/com/fasterxml/jackson/core/jackson-annotations/2.9.0/jackson-annotations-2.9.0.jar:/home/jinesh/.m2/repository/com/fasterxml/jackson/core/jackson-core/2.9.7/jackson-core-2.9.7.jar:/home/jinesh/.m2/repository/org/jboss/resteasy/resteasy-jaxrs/3.0.6.Final/resteasy-jaxrs-3.0.6.Final.jar:/home/jinesh/.m2/repository/org/jboss/resteasy/jaxrs-api/3.0.6.Final/jaxrs-api-3.0.6.Final.jar:/home/jinesh/.m2/repository/org/scannotation/scannotation/1.0.3/scannotation-1.0.3.jar:/home/jinesh/.m2/repository/javassist/javassist/3.12.1.GA/javassist-3.12.1.GA.jar:/home/jinesh/.m2/repository/org/jboss/spec/javax/annotation/jboss-annotations-api_1.1_spec/1.0.1.Final/jboss-annotations-api_1.1_spec-1.0.1.Final.jar:/home/jinesh/.m2/repository/org/jboss/resteasy/resteasy-multipart-provider/3.0.6.Final/resteasy-multipart-provider-3.0.6.Final.jar:/home/jinesh/.m2/repository/org/jboss/resteasy/resteasy-client/3.0.6.Final/resteasy-client-3.0.6.Final.jar:/home/jinesh/.m2/repository/org/jboss/resteasy/resteasy-jaxb-provider/3.0.6.Final/resteasy-jaxb-provider-3.0.6.Final.jar:/home/jinesh/.m2/repository/org/apache/james/apache-mime4j/0.6/apache-mime4j-0.6.jar:/home/jinesh/.m2/repository/javax/mail/mail/1.4.7/mail-1.4.7.jar:/home/jinesh/.m2/repository/org/owasp/encoder/encoder/1.2/encoder-1.2.jar:/home/jinesh/.m2/repository/net/bramp/ffmpeg/ffmpeg/0.6.2/ffmpeg-0.6.2.jar:/home/jinesh/.m2/repository/org/modelmapper/modelmapper/0.7.7/modelmapper-0.7.7.jar:/home/jinesh/.m2/repository/commons-validator/commons-validator/1.6/commons-validator-1.6.jar:/home/jinesh/.m2/repository/commons-beanutils/commons-beanutils/1.9.2/commons-beanutils-1.9.2.jar:/home/jinesh/.m2/repository/commons-digester/commons-digester/1.8.1/commons-digester-1.8.1.jar:/home/jinesh/.m2/repository/javax/inject/javax.inject/1/javax.inject-1.jar:/home/jinesh/.m2/repository/mysql/mysql-connector-java/8.0.18/mysql-connector-java-8.0.18.jar:/home/jinesh/.m2/repository/com/google/protobuf/protobuf-java/3.6.1/protobuf-java-3.6.1.jar:/home/jinesh/.m2/repository/com/jayway/jsonpath/json-path/2.5.0/json-path-2.5.0.jar:/home/jinesh/.m2/repository/net/minidev/json-smart/2.3/json-smart-2.3.jar:/home/jinesh/.m2/repository/net/minidev/accessors-smart/1.2/accessors-smart-1.2.jar:"/>
    <property name="java.vm.vendor" value="Private Build"/>
    <property name="sun.arch.data.model" value="64"/>
    <property name="java.vendor.url" value="http://java.oracle.com/"/>
    <property name="user.timezone" value=""/>
    <property name="java.vm.specification.version" value="1.8"/>
    <property name="os.name" value="Linux"/>
    <property name="user.country" value="IN"/>
    <property name="sun.java.launcher" value="SUN_STANDARD"/>
    <property name="sun.boot.library.path" value="/usr/lib/jvm/java-8-openjdk-amd64/jre/lib/amd64"/>
    <property name="sun.java.command" value="/home/jinesh/JINESH/SEM_8/IQM/timezonedb-api-automation-test/target/surefire/surefirebooter2056375477507436493.jar /home/jinesh/JINESH/SEM_8/IQM/timezonedb-api-automation-test/target/surefire 2021-01-08T17-56-46_902-jvmRun1 surefire3339023636353089621tmp surefire_08506113035631267727tmp"/>
    <property name="surefire.test.class.path" value="/home/jinesh/JINESH/SEM_8/IQM/timezonedb-api-automation-test/target/test-classes:/home/jinesh/JINESH/SEM_8/IQM/timezonedb-api-automation-test/target/timezonedb-api-automation-test-1.0-SNAPSHOT.jar:/home/jinesh/.m2/repository/net/serenity-bdd/serenity-core/2.0.91/serenity-core-2.0.91.jar:/home/jinesh/.m2/repository/net/bytebuddy/byte-buddy/1.10.1/byte-buddy-1.10.1.jar:/home/jinesh/.m2/repository/net/bytebuddy/byte-buddy-agent/1.10.1/byte-buddy-agent-1.10.1.jar:/home/jinesh/.m2/repository/com/google/guava/guava/25.0-jre/guava-25.0-jre.jar:/home/jinesh/.m2/repository/com/google/code/findbugs/jsr305/1.3.9/jsr305-1.3.9.jar:/home/jinesh/.m2/repository/org/checkerframework/checker-compat-qual/2.0.0/checker-compat-qual-2.0.0.jar:/home/jinesh/.m2/repository/com/google/errorprone/error_prone_annotations/2.1.3/error_prone_annotations-2.1.3.jar:/home/jinesh/.m2/repository/com/google/j2objc/j2objc-annotations/1.1/j2objc-annotations-1.1.jar:/home/jinesh/.m2/repository/org/codehaus/mojo/animal-sniffer-annotations/1.14/animal-sniffer-annotations-1.14.jar:/home/jinesh/.m2/repository/com/google/inject/guice/4.2.2/guice-4.2.2.jar:/home/jinesh/.m2/repository/aopalliance/aopalliance/1.0/aopalliance-1.0.jar:/home/jinesh/.m2/repository/org/ow2/asm/asm/7.2/asm-7.2.jar:/home/jinesh/.m2/repository/commons-codec/commons-codec/1.10/commons-codec-1.10.jar:/home/jinesh/.m2/repository/org/objenesis/objenesis/3.0.1/objenesis-3.0.1.jar:/home/jinesh/.m2/repository/org/slf4j/slf4j-api/1.7.26/slf4j-api-1.7.26.jar:/home/jinesh/.m2/repository/xml-apis/xml-apis/1.4.01/xml-apis-1.4.01.jar:/home/jinesh/.m2/repository/commons-logging/commons-logging/1.2/commons-logging-1.2.jar:/home/jinesh/.m2/repository/io/vavr/vavr/0.9.0/vavr-0.9.0.jar:/home/jinesh/.m2/repository/io/vavr/vavr-match/0.9.0/vavr-match-0.9.0.jar:/home/jinesh/.m2/repository/javax/xml/bind/jaxb-api/2.2.12/jaxb-api-2.2.12.jar:/home/jinesh/.m2/repository/com/sun/xml/bind/jaxb-core/2.3.0.1/jaxb-core-2.3.0.1.jar:/home/jinesh/.m2/repository/com/sun/xml/bind/jaxb-impl/2.3.0.1/jaxb-impl-2.3.0.1.jar:/home/jinesh/.m2/repository/javax/activation/activation/1.1.1/activation-1.1.1.jar:/home/jinesh/.m2/repository/org/mockito/mockito-core/3.1.0/mockito-core-3.1.0.jar:/home/jinesh/.m2/repository/net/serenity-bdd/serenity-report-resources/2.0.91/serenity-report-resources-2.0.91.jar:/home/jinesh/.m2/repository/net/serenity-bdd/serenity-model/2.0.91/serenity-model-2.0.91.jar:/home/jinesh/.m2/repository/commons-net/commons-net/3.6/commons-net-3.6.jar:/home/jinesh/.m2/repository/org/apache/commons/commons-text/1.6/commons-text-1.6.jar:/home/jinesh/.m2/repository/es/nitaur/markdown/txtmark/0.16/txtmark-0.16.jar:/home/jinesh/.m2/repository/net/serenity-bdd/serenity-reports/2.0.91/serenity-reports-2.0.91.jar:/home/jinesh/.m2/repository/net/serenity-bdd/serenity-stats/2.0.91/serenity-stats-2.0.91.jar:/home/jinesh/.m2/repository/org/jetbrains/kotlin/kotlin-stdlib/1.3.31/kotlin-stdlib-1.3.31.jar:/home/jinesh/.m2/repository/org/jetbrains/kotlin/kotlin-stdlib-common/1.3.31/kotlin-stdlib-common-1.3.31.jar:/home/jinesh/.m2/repository/org/jetbrains/annotations/13.0/annotations-13.0.jar:/home/jinesh/.m2/repository/com/google/code/gson/gson/2.8.4/gson-2.8.4.jar:/home/jinesh/.m2/repository/commons-io/commons-io/2.6/commons-io-2.6.jar:/home/jinesh/.m2/repository/org/seleniumhq/selenium/selenium-server/3.141.59/selenium-server-3.141.59.jar:/home/jinesh/.m2/repository/org/seleniumhq/selenium/selenium-firefox-driver/3.141.59/selenium-firefox-driver-3.141.59.jar:/home/jinesh/.m2/repository/org/seleniumhq/selenium/selenium-ie-driver/3.141.59/selenium-ie-driver-3.141.59.jar:/home/jinesh/.m2/repository/com/beust/jcommander/1.72/jcommander-1.72.jar:/home/jinesh/.m2/repository/org/apache/commons/commons-exec/1.3/commons-exec-1.3.jar:/home/jinesh/.m2/repository/net/jcip/jcip-annotations/1.0/jcip-annotations-1.0.jar:/home/jinesh/.m2/repository/org/seleniumhq/selenium/jetty-repacked/9.4.12.v20180830/jetty-repacked-9.4.12.v20180830.jar:/home/jinesh/.m2/repository/com/squareup/okhttp3/okhttp/3.11.0/okhttp-3.11.0.jar:/home/jinesh/.m2/repository/com/squareup/okio/okio/1.14.0/okio-1.14.0.jar:/home/jinesh/.m2/repository/javax/servlet/javax.servlet-api/3.1.0/javax.servlet-api-3.1.0.jar:/home/jinesh/.m2/repository/org/yaml/snakeyaml/1.19/snakeyaml-1.19.jar:/home/jinesh/.m2/repository/org/seleniumhq/selenium/selenium-java/3.141.59/selenium-java-3.141.59.jar:/home/jinesh/.m2/repository/org/seleniumhq/selenium/selenium-api/3.141.59/selenium-api-3.141.59.jar:/home/jinesh/.m2/repository/org/seleniumhq/selenium/selenium-chrome-driver/3.141.59/selenium-chrome-driver-3.141.59.jar:/home/jinesh/.m2/repository/org/seleniumhq/selenium/selenium-edge-driver/3.141.59/selenium-edge-driver-3.141.59.jar:/home/jinesh/.m2/repository/org/seleniumhq/selenium/selenium-remote-driver/3.141.59/selenium-remote-driver-3.141.59.jar:/home/jinesh/.m2/repository/org/seleniumhq/selenium/selenium-safari-driver/3.141.59/selenium-safari-driver-3.141.59.jar:/home/jinesh/.m2/repository/org/seleniumhq/selenium/selenium-opera-driver/3.141.59/selenium-opera-driver-3.141.59.jar:/home/jinesh/.m2/repository/org/seleniumhq/selenium/selenium-support/3.141.59/selenium-support-3.141.59.jar:/home/jinesh/.m2/repository/com/paulhammant/ngwebdriver/1.1.4/ngwebdriver-1.1.4.jar:/home/jinesh/.m2/repository/com/codeborne/phantomjsdriver/1.4.4/phantomjsdriver-1.4.4.jar:/home/jinesh/.m2/repository/org/seleniumhq/selenium/htmlunit-driver/2.36.0/htmlunit-driver-2.36.0.jar:/home/jinesh/.m2/repository/io/appium/java-client/7.3.0/java-client-7.3.0.jar:/home/jinesh/.m2/repository/org/aspectj/aspectjweaver/1.9.4/aspectjweaver-1.9.4.jar:/home/jinesh/.m2/repository/org/springframework/spring-context-support/5.1.2.RELEASE/spring-context-support-5.1.2.RELEASE.jar:/home/jinesh/.m2/repository/org/springframework/spring-beans/5.1.2.RELEASE/spring-beans-5.1.2.RELEASE.jar:/home/jinesh/.m2/repository/org/springframework/spring-context/5.1.2.RELEASE/spring-context-5.1.2.RELEASE.jar:/home/jinesh/.m2/repository/org/springframework/spring-aop/5.1.2.RELEASE/spring-aop-5.1.2.RELEASE.jar:/home/jinesh/.m2/repository/org/springframework/spring-expression/5.1.2.RELEASE/spring-expression-5.1.2.RELEASE.jar:/home/jinesh/.m2/repository/org/springframework/spring-core/5.1.2.RELEASE/spring-core-5.1.2.RELEASE.jar:/home/jinesh/.m2/repository/org/springframework/spring-jcl/5.1.2.RELEASE/spring-jcl-5.1.2.RELEASE.jar:/home/jinesh/.m2/repository/org/codehaus/groovy/groovy/2.5.5/groovy-2.5.5.jar:/home/jinesh/.m2/repository/net/sf/opencsv/opencsv/2.0/opencsv-2.0.jar:/home/jinesh/.m2/repository/commons-beanutils/commons-beanutils-core/1.8.3/commons-beanutils-core-1.8.3.jar:/home/jinesh/.m2/repository/joda-time/joda-time/2.7/joda-time-2.7.jar:/home/jinesh/.m2/repository/com/thoughtworks/xstream/xstream/1.4.9/xstream-1.4.9.jar:/home/jinesh/.m2/repository/xmlpull/xmlpull/1.1.3.1/xmlpull-1.1.3.1.jar:/home/jinesh/.m2/repository/xpp3/xpp3_min/1.1.4c/xpp3_min-1.1.4c.jar:/home/jinesh/.m2/repository/org/apache/commons/commons-lang3/3.8.1/commons-lang3-3.8.1.jar:/home/jinesh/.m2/repository/commons-collections/commons-collections/3.2.2/commons-collections-3.2.2.jar:/home/jinesh/.m2/repository/org/freemarker/freemarker/2.3.28/freemarker-2.3.28.jar:/home/jinesh/.m2/repository/net/sourceforge/jexcelapi/jxl/2.6.12/jxl-2.6.12.jar:/home/jinesh/.m2/repository/org/hamcrest/hamcrest-core/1.3/hamcrest-core-1.3.jar:/home/jinesh/.m2/repository/org/hamcrest/hamcrest-library/1.3/hamcrest-library-1.3.jar:/home/jinesh/.m2/repository/net/sourceforge/htmlunit/htmlunit/2.36.0/htmlunit-2.36.0.jar:/home/jinesh/.m2/repository/net/sourceforge/htmlunit/htmlunit-core-js/2.36.0/htmlunit-core-js-2.36.0.jar:/home/jinesh/.m2/repository/net/sourceforge/htmlunit/neko-htmlunit/2.36.0/neko-htmlunit-2.36.0.jar:/home/jinesh/.m2/repository/xerces/xercesImpl/2.12.0/xercesImpl-2.12.0.jar:/home/jinesh/.m2/repository/net/sourceforge/htmlunit/htmlunit-cssparser/1.5.0/htmlunit-cssparser-1.5.0.jar:/home/jinesh/.m2/repository/org/brotli/dec/0.1.2/dec-0.1.2.jar:/home/jinesh/.m2/repository/org/eclipse/jetty/websocket/websocket-client/9.4.20.v20190813/websocket-client-9.4.20.v20190813.jar:/home/jinesh/.m2/repository/org/eclipse/jetty/jetty-client/9.4.20.v20190813/jetty-client-9.4.20.v20190813.jar:/home/jinesh/.m2/repository/org/eclipse/jetty/jetty-http/9.4.20.v20190813/jetty-http-9.4.20.v20190813.jar:/home/jinesh/.m2/repository/org/eclipse/jetty/jetty-xml/9.4.20.v20190813/jetty-xml-9.4.20.v20190813.jar:/home/jinesh/.m2/repository/org/eclipse/jetty/jetty-util/9.4.20.v20190813/jetty-util-9.4.20.v20190813.jar:/home/jinesh/.m2/repository/org/eclipse/jetty/jetty-io/9.4.20.v20190813/jetty-io-9.4.20.v20190813.jar:/home/jinesh/.m2/repository/org/eclipse/jetty/websocket/websocket-common/9.4.20.v20190813/websocket-common-9.4.20.v20190813.jar:/home/jinesh/.m2/repository/org/eclipse/jetty/websocket/websocket-api/9.4.20.v20190813/websocket-api-9.4.20.v20190813.jar:/home/jinesh/.m2/repository/org/apache/httpcomponents/httpclient/4.5.5/httpclient-4.5.5.jar:/home/jinesh/.m2/repository/org/apache/httpcomponents/httpcore/4.4.9/httpcore-4.4.9.jar:/home/jinesh/.m2/repository/org/apache/httpcomponents/httpmime/4.5.5/httpmime-4.5.5.jar:/home/jinesh/.m2/repository/org/fluentlenium/fluentlenium-core/0.10.2/fluentlenium-core-0.10.2.jar:/home/jinesh/.m2/repository/com/jhlabs/filters/2.0.235/filters-2.0.235.jar:/home/jinesh/.m2/repository/org/asciidoctor/asciidoctorj/1.5.6/asciidoctorj-1.5.6.jar:/home/jinesh/.m2/repository/org/jruby/jruby-complete/1.7.26/jruby-complete-1.7.26.jar:/home/jinesh/.m2/repository/org/imgscalr/imgscalr-lib/4.2/imgscalr-lib-4.2.jar:/home/jinesh/.m2/repository/javax/el/javax.el-api/2.2.4/javax.el-api-2.2.4.jar:/home/jinesh/.m2/repository/org/glassfish/web/javax.el/2.2.4/javax.el-2.2.4.jar:/home/jinesh/.m2/repository/xalan/xalan/2.7.2/xalan-2.7.2.jar:/home/jinesh/.m2/repository/xalan/serializer/2.7.2/serializer-2.7.2.jar:/home/jinesh/.m2/repository/org/awaitility/awaitility/4.0.1/awaitility-4.0.1.jar:/home/jinesh/.m2/repository/org/hamcrest/hamcrest/2.1/hamcrest-2.1.jar:/home/jinesh/.m2/repository/com/typesafe/config/1.3.1/config-1.3.1.jar:/home/jinesh/.m2/repository/org/jsoup/jsoup/1.10.3/jsoup-1.10.3.jar:/home/jinesh/.m2/repository/com/google/jimfs/jimfs/1.1/jimfs-1.1.jar:/home/jinesh/.m2/repository/com/vladsch/flexmark/flexmark-all/0.34.30/flexmark-all-0.34.30.jar:/home/jinesh/.m2/repository/com/vladsch/flexmark/flexmark/0.34.30/flexmark-0.34.30.jar:/home/jinesh/.m2/repository/com/vladsch/flexmark/flexmark-ext-abbreviation/0.34.30/flexmark-ext-abbreviation-0.34.30.jar:/home/jinesh/.m2/repository/com/vladsch/flexmark/flexmark-ext-admonition/0.34.30/flexmark-ext-admonition-0.34.30.jar:/home/jinesh/.m2/repository/com/vladsch/flexmark/flexmark-ext-anchorlink/0.34.30/flexmark-ext-anchorlink-0.34.30.jar:/home/jinesh/.m2/repository/com/vladsch/flexmark/flexmark-ext-aside/0.34.30/flexmark-ext-aside-0.34.30.jar:/home/jinesh/.m2/repository/com/vladsch/flexmark/flexmark-ext-attributes/0.34.30/flexmark-ext-attributes-0.34.30.jar:/home/jinesh/.m2/repository/com/vladsch/flexmark/flexmark-ext-autolink/0.34.30/flexmark-ext-autolink-0.34.30.jar:/home/jinesh/.m2/repository/org/nibor/autolink/autolink/0.6.0/autolink-0.6.0.jar:/home/jinesh/.m2/repository/com/vladsch/flexmark/flexmark-ext-definition/0.34.30/flexmark-ext-definition-0.34.30.jar:/home/jinesh/.m2/repository/com/vladsch/flexmark/flexmark-ext-emoji/0.34.30/flexmark-ext-emoji-0.34.30.jar:/home/jinesh/.m2/repository/com/vladsch/flexmark/flexmark-ext-enumerated-reference/0.34.30/flexmark-ext-enumerated-reference-0.34.30.jar:/home/jinesh/.m2/repository/com/vladsch/flexmark/flexmark-ext-escaped-character/0.34.30/flexmark-ext-escaped-character-0.34.30.jar:/home/jinesh/.m2/repository/com/vladsch/flexmark/flexmark-ext-footnotes/0.34.30/flexmark-ext-footnotes-0.34.30.jar:/home/jinesh/.m2/repository/com/vladsch/flexmark/flexmark-ext-gfm-issues/0.34.30/flexmark-ext-gfm-issues-0.34.30.jar:/home/jinesh/.m2/repository/com/vladsch/flexmark/flexmark-ext-gfm-strikethrough/0.34.30/flexmark-ext-gfm-strikethrough-0.34.30.jar:/home/jinesh/.m2/repository/com/vladsch/flexmark/flexmark-ext-gfm-tables/0.34.30/flexmark-ext-gfm-tables-0.34.30.jar:/home/jinesh/.m2/repository/com/vladsch/flexmark/flexmark-ext-gfm-tasklist/0.34.30/flexmark-ext-gfm-tasklist-0.34.30.jar:/home/jinesh/.m2/repository/com/vladsch/flexmark/flexmark-ext-gfm-users/0.34.30/flexmark-ext-gfm-users-0.34.30.jar:/home/jinesh/.m2/repository/com/vladsch/flexmark/flexmark-ext-gitlab/0.34.30/flexmark-ext-gitlab-0.34.30.jar:/home/jinesh/.m2/repository/com/vladsch/flexmark/flexmark-ext-jekyll-front-matter/0.34.30/flexmark-ext-jekyll-front-matter-0.34.30.jar:/home/jinesh/.m2/repository/com/vladsch/flexmark/flexmark-ext-jekyll-tag/0.34.30/flexmark-ext-jekyll-tag-0.34.30.jar:/home/jinesh/.m2/repository/com/vladsch/flexmark/flexmark-ext-media-tags/0.34.30/flexmark-ext-media-tags-0.34.30.jar:/home/jinesh/.m2/repository/com/vladsch/flexmark/flexmark-test-util/0.34.30/flexmark-test-util-0.34.30.jar:/home/jinesh/.m2/repository/com/vladsch/flexmark/flexmark-ext-ins/0.34.30/flexmark-ext-ins-0.34.30.jar:/home/jinesh/.m2/repository/com/vladsch/flexmark/flexmark-ext-xwiki-macros/0.34.30/flexmark-ext-xwiki-macros-0.34.30.jar:/home/jinesh/.m2/repository/com/vladsch/flexmark/flexmark-ext-superscript/0.34.30/flexmark-ext-superscript-0.34.30.jar:/home/jinesh/.m2/repository/com/vladsch/flexmark/flexmark-ext-tables/0.34.30/flexmark-ext-tables-0.34.30.jar:/home/jinesh/.m2/repository/com/vladsch/flexmark/flexmark-ext-toc/0.34.30/flexmark-ext-toc-0.34.30.jar:/home/jinesh/.m2/repository/com/vladsch/flexmark/flexmark-ext-typographic/0.34.30/flexmark-ext-typographic-0.34.30.jar:/home/jinesh/.m2/repository/com/vladsch/flexmark/flexmark-ext-wikilink/0.34.30/flexmark-ext-wikilink-0.34.30.jar:/home/jinesh/.m2/repository/com/vladsch/flexmark/flexmark-ext-yaml-front-matter/0.34.30/flexmark-ext-yaml-front-matter-0.34.30.jar:/home/jinesh/.m2/repository/com/vladsch/flexmark/flexmark-ext-youtube-embedded/0.34.30/flexmark-ext-youtube-embedded-0.34.30.jar:/home/jinesh/.m2/repository/com/vladsch/flexmark/flexmark-formatter/0.34.30/flexmark-formatter-0.34.30.jar:/home/jinesh/.m2/repository/com/vladsch/flexmark/flexmark-html-parser/0.34.30/flexmark-html-parser-0.34.30.jar:/home/jinesh/.m2/repository/com/vladsch/flexmark/flexmark-jira-converter/0.34.30/flexmark-jira-converter-0.34.30.jar:/home/jinesh/.m2/repository/com/vladsch/flexmark/flexmark-pdf-converter/0.34.30/flexmark-pdf-converter-0.34.30.jar:/home/jinesh/.m2/repository/com/openhtmltopdf/openhtmltopdf-core/0.0.1-RC13/openhtmltopdf-core-0.0.1-RC13.jar:/home/jinesh/.m2/repository/com/openhtmltopdf/openhtmltopdf-pdfbox/0.0.1-RC13/openhtmltopdf-pdfbox-0.0.1-RC13.jar:/home/jinesh/.m2/repository/org/apache/pdfbox/pdfbox/2.0.8/pdfbox-2.0.8.jar:/home/jinesh/.m2/repository/org/apache/pdfbox/fontbox/2.0.8/fontbox-2.0.8.jar:/home/jinesh/.m2/repository/org/apache/pdfbox/xmpbox/2.0.8/xmpbox-2.0.8.jar:/home/jinesh/.m2/repository/de/rototor/pdfbox/graphics2d/0.12/graphics2d-0.12.jar:/home/jinesh/.m2/repository/com/openhtmltopdf/openhtmltopdf-rtl-support/0.0.1-RC13/openhtmltopdf-rtl-support-0.0.1-RC13.jar:/home/jinesh/.m2/repository/com/ibm/icu/icu4j/59.1/icu4j-59.1.jar:/home/jinesh/.m2/repository/com/openhtmltopdf/openhtmltopdf-jsoup-dom-converter/0.0.1-RC13/openhtmltopdf-jsoup-dom-converter-0.0.1-RC13.jar:/home/jinesh/.m2/repository/com/vladsch/flexmark/flexmark-profile-pegdown/0.34.30/flexmark-profile-pegdown-0.34.30.jar:/home/jinesh/.m2/repository/com/vladsch/flexmark/flexmark-util/0.34.30/flexmark-util-0.34.30.jar:/home/jinesh/.m2/repository/com/vladsch/flexmark/flexmark-youtrack-converter/0.34.30/flexmark-youtrack-converter-0.34.30.jar:/home/jinesh/.m2/repository/io/cucumber/cucumber-java/4.8.0/cucumber-java-4.8.0.jar:/home/jinesh/.m2/repository/io/cucumber/cucumber-core/4.8.0/cucumber-core-4.8.0.jar:/home/jinesh/.m2/repository/io/cucumber/gherkin/5.1.0/gherkin-5.1.0.jar:/home/jinesh/.m2/repository/io/cucumber/tag-expressions/1.1.1/tag-expressions-1.1.1.jar:/home/jinesh/.m2/repository/io/cucumber/cucumber-expressions/7.0.2/cucumber-expressions-7.0.2.jar:/home/jinesh/.m2/repository/io/cucumber/datatable/1.1.14/datatable-1.1.14.jar:/home/jinesh/.m2/repository/io/cucumber/datatable-dependencies/1.1.14/datatable-dependencies-1.1.14.jar:/home/jinesh/.m2/repository/org/apiguardian/apiguardian-api/1.1.0/apiguardian-api-1.1.0.jar:/home/jinesh/.m2/repository/io/cucumber/cucumber-junit/4.8.0/cucumber-junit-4.8.0.jar:/home/jinesh/.m2/repository/net/serenity-bdd/serenity-junit/2.0.91/serenity-junit-2.0.91.jar:/home/jinesh/.m2/repository/net/serenity-bdd/serenity-rest-assured/2.0.91/serenity-rest-assured-2.0.91.jar:/home/jinesh/.m2/repository/io/rest-assured/rest-assured/3.3.0/rest-assured-3.3.0.jar:/home/jinesh/.m2/repository/org/ccil/cowan/tagsoup/tagsoup/1.2.1/tagsoup-1.2.1.jar:/home/jinesh/.m2/repository/io/rest-assured/json-path/3.3.0/json-path-3.3.0.jar:/home/jinesh/.m2/repository/io/rest-assured/rest-assured-common/3.3.0/rest-assured-common-3.3.0.jar:/home/jinesh/.m2/repository/io/rest-assured/xml-path/3.3.0/xml-path-3.3.0.jar:/home/jinesh/.m2/repository/com/sun/xml/bind/jaxb-osgi/2.2.10/jaxb-osgi-2.2.10.jar:/home/jinesh/.m2/repository/org/apache/sling/org.apache.sling.javax.activation/0.1.0/org.apache.sling.javax.activation-0.1.0.jar:/home/jinesh/.m2/repository/org/codehaus/groovy/groovy-xml/2.5.5/groovy-xml-2.5.5.jar:/home/jinesh/.m2/repository/org/codehaus/groovy/groovy-json/2.5.5/groovy-json-2.5.5.jar:/home/jinesh/.m2/repository/net/serenity-bdd/serenity-screenplay/2.0.91/serenity-screenplay-2.0.91.jar:/home/jinesh/.m2/repository/net/serenity-bdd/serenity-screenplay-rest/2.0.91/serenity-screenplay-rest-2.0.91.jar:/home/jinesh/.m2/repository/net/serenity-bdd/serenity-cucumber4/1.0.30/serenity-cucumber4-1.0.30.jar:/home/jinesh/.m2/repository/net/serenity-bdd/serenity-screenplay-webdriver/2.0.90/serenity-screenplay-webdriver-2.0.90.jar:/home/jinesh/.m2/repository/io/cucumber/datatable-matchers/1.1.14/datatable-matchers-1.1.14.jar:/home/jinesh/.m2/repository/org/apache/commons/commons-csv/1.5/commons-csv-1.5.jar:/home/jinesh/.m2/repository/junit/junit/4.12/junit-4.12.jar:/home/jinesh/.m2/repository/org/assertj/assertj-core/3.6.2/assertj-core-3.6.2.jar:/home/jinesh/.m2/repository/org/hamcrest/hamcrest-all/1.3/hamcrest-all-1.3.jar:/home/jinesh/.m2/repository/com/iqm/api-common/1.28.0/api-common-1.28.0.jar:/home/jinesh/.m2/repository/redis/clients/jedis/2.9.0/jedis-2.9.0.jar:/home/jinesh/.m2/repository/org/apache/commons/commons-pool2/2.4.2/commons-pool2-2.4.2.jar:/home/jinesh/.m2/repository/org/springframework/boot/spring-boot-starter-web/2.1.1.RELEASE/spring-boot-starter-web-2.1.1.RELEASE.jar:/home/jinesh/.m2/repository/org/springframework/boot/spring-boot-starter/2.1.1.RELEASE/spring-boot-starter-2.1.1.RELEASE.jar:/home/jinesh/.m2/repository/org/springframework/boot/spring-boot/2.1.1.RELEASE/spring-boot-2.1.1.RELEASE.jar:/home/jinesh/.m2/repository/org/springframework/boot/spring-boot-autoconfigure/2.1.1.RELEASE/spring-boot-autoconfigure-2.1.1.RELEASE.jar:/home/jinesh/.m2/repository/org/springframework/boot/spring-boot-starter-logging/2.1.1.RELEASE/spring-boot-starter-logging-2.1.1.RELEASE.jar:/home/jinesh/.m2/repository/org/apache/logging/log4j/log4j-to-slf4j/2.11.1/log4j-to-slf4j-2.11.1.jar:/home/jinesh/.m2/repository/org/apache/logging/log4j/log4j-api/2.11.1/log4j-api-2.11.1.jar:/home/jinesh/.m2/repository/org/slf4j/jul-to-slf4j/1.7.25/jul-to-slf4j-1.7.25.jar:/home/jinesh/.m2/repository/javax/annotation/javax.annotation-api/1.3.2/javax.annotation-api-1.3.2.jar:/home/jinesh/.m2/repository/org/springframework/boot/spring-boot-starter-json/2.1.1.RELEASE/spring-boot-starter-json-2.1.1.RELEASE.jar:/home/jinesh/.m2/repository/com/fasterxml/jackson/datatype/jackson-datatype-jdk8/2.9.7/jackson-datatype-jdk8-2.9.7.jar:/home/jinesh/.m2/repository/com/fasterxml/jackson/datatype/jackson-datatype-jsr310/2.9.7/jackson-datatype-jsr310-2.9.7.jar:/home/jinesh/.m2/repository/com/fasterxml/jackson/module/jackson-module-parameter-names/2.9.7/jackson-module-parameter-names-2.9.7.jar:/home/jinesh/.m2/repository/org/springframework/boot/spring-boot-starter-tomcat/2.1.1.RELEASE/spring-boot-starter-tomcat-2.1.1.RELEASE.jar:/home/jinesh/.m2/repository/org/apache/tomcat/embed/tomcat-embed-core/9.0.13/tomcat-embed-core-9.0.13.jar:/home/jinesh/.m2/repository/org/apache/tomcat/embed/tomcat-embed-el/9.0.13/tomcat-embed-el-9.0.13.jar:/home/jinesh/.m2/repository/org/apache/tomcat/embed/tomcat-embed-websocket/9.0.13/tomcat-embed-websocket-9.0.13.jar:/home/jinesh/.m2/repository/org/hibernate/validator/hibernate-validator/6.0.13.Final/hibernate-validator-6.0.13.Final.jar:/home/jinesh/.m2/repository/javax/validation/validation-api/2.0.1.Final/validation-api-2.0.1.Final.jar:/home/jinesh/.m2/repository/org/jboss/logging/jboss-logging/3.3.2.Final/jboss-logging-3.3.2.Final.jar:/home/jinesh/.m2/repository/com/fasterxml/classmate/1.3.4/classmate-1.3.4.jar:/home/jinesh/.m2/repository/org/springframework/spring-web/5.1.3.RELEASE/spring-web-5.1.3.RELEASE.jar:/home/jinesh/.m2/repository/org/springframework/spring-webmvc/5.1.3.RELEASE/spring-webmvc-5.1.3.RELEASE.jar:/home/jinesh/.m2/repository/org/json/json/20180813/json-20180813.jar:/home/jinesh/.m2/repository/ch/qos/logback/logback-classic/1.2.3/logback-classic-1.2.3.jar:/home/jinesh/.m2/repository/ch/qos/logback/logback-core/1.2.3/logback-core-1.2.3.jar:/home/jinesh/.m2/repository/com/fasterxml/jackson/core/jackson-databind/2.9.7/jackson-databind-2.9.7.jar:/home/jinesh/.m2/repository/com/fasterxml/jackson/core/jackson-annotations/2.9.0/jackson-annotations-2.9.0.jar:/home/jinesh/.m2/repository/com/fasterxml/jackson/core/jackson-core/2.9.7/jackson-core-2.9.7.jar:/home/jinesh/.m2/repository/org/jboss/resteasy/resteasy-jaxrs/3.0.6.Final/resteasy-jaxrs-3.0.6.Final.jar:/home/jinesh/.m2/repository/org/jboss/resteasy/jaxrs-api/3.0.6.Final/jaxrs-api-3.0.6.Final.jar:/home/jinesh/.m2/repository/org/scannotation/scannotation/1.0.3/scannotation-1.0.3.jar:/home/jinesh/.m2/repository/javassist/javassist/3.12.1.GA/javassist-3.12.1.GA.jar:/home/jinesh/.m2/repository/org/jboss/spec/javax/annotation/jboss-annotations-api_1.1_spec/1.0.1.Final/jboss-annotations-api_1.1_spec-1.0.1.Final.jar:/home/jinesh/.m2/repository/org/jboss/resteasy/resteasy-multipart-provider/3.0.6.Final/resteasy-multipart-provider-3.0.6.Final.jar:/home/jinesh/.m2/repository/org/jboss/resteasy/resteasy-client/3.0.6.Final/resteasy-client-3.0.6.Final.jar:/home/jinesh/.m2/repository/org/jboss/resteasy/resteasy-jaxb-provider/3.0.6.Final/resteasy-jaxb-provider-3.0.6.Final.jar:/home/jinesh/.m2/repository/org/apache/james/apache-mime4j/0.6/apache-mime4j-0.6.jar:/home/jinesh/.m2/repository/javax/mail/mail/1.4.7/mail-1.4.7.jar:/home/jinesh/.m2/repository/org/owasp/encoder/encoder/1.2/encoder-1.2.jar:/home/jinesh/.m2/repository/net/bramp/ffmpeg/ffmpeg/0.6.2/ffmpeg-0.6.2.jar:/home/jinesh/.m2/repository/org/modelmapper/modelmapper/0.7.7/modelmapper-0.7.7.jar:/home/jinesh/.m2/repository/commons-validator/commons-validator/1.6/commons-validator-1.6.jar:/home/jinesh/.m2/repository/commons-beanutils/commons-beanutils/1.9.2/commons-beanutils-1.9.2.jar:/home/jinesh/.m2/repository/commons-digester/commons-digester/1.8.1/commons-digester-1.8.1.jar:/home/jinesh/.m2/repository/javax/inject/javax.inject/1/javax.inject-1.jar:/home/jinesh/.m2/repository/mysql/mysql-connector-java/8.0.18/mysql-connector-java-8.0.18.jar:/home/jinesh/.m2/repository/com/google/protobuf/protobuf-java/3.6.1/protobuf-java-3.6.1.jar:/home/jinesh/.m2/repository/com/jayway/jsonpath/json-path/2.5.0/json-path-2.5.0.jar:/home/jinesh/.m2/repository/net/minidev/json-smart/2.3/json-smart-2.3.jar:/home/jinesh/.m2/repository/net/minidev/accessors-smart/1.2/accessors-smart-1.2.jar:"/>
    <property name="sun.cpu.endian" value="little"/>
    <property name="user.home" value="/home/jinesh"/>
    <property name="user.language" value="en"/>
    <property name="java.specification.vendor" value="Oracle Corporation"/>
    <property name="java.home" value="/usr/lib/jvm/java-8-openjdk-amd64/jre"/>
    <property name="basedir" value="/home/jinesh/JINESH/SEM_8/IQM/timezonedb-api-automation-test"/>
    <property name="file.separator" value="/"/>
    <property name="line.separator" value="&#10;"/>
    <property name="java.vm.specification.vendor" value="Oracle Corporation"/>
    <property name="java.specification.name" value="Java Platform API Specification"/>
    <property name="java.awt.graphicsenv" value="sun.awt.X11GraphicsEnvironment"/>
    <property name="surefire.real.class.path" value="/home/jinesh/JINESH/SEM_8/IQM/timezonedb-api-automation-test/target/surefire/surefirebooter2056375477507436493.jar"/>
    <property name="sun.boot.class.path" value="/usr/lib/jvm/java-8-openjdk-amd64/jre/lib/resources.jar:/usr/lib/jvm/java-8-openjdk-amd64/jre/lib/rt.jar:/usr/lib/jvm/java-8-openjdk-amd64/jre/lib/sunrsasign.jar:/usr/lib/jvm/java-8-openjdk-amd64/jre/lib/jsse.jar:/usr/lib/jvm/java-8-openjdk-amd64/jre/lib/jce.jar:/usr/lib/jvm/java-8-openjdk-amd64/jre/lib/charsets.jar:/usr/lib/jvm/java-8-openjdk-amd64/jre/lib/jfr.jar:/usr/lib/jvm/java-8-openjdk-amd64/jre/classes"/>
    <property name="sun.management.compiler" value="HotSpot 64-Bit Tiered Compilers"/>
    <property name="java.runtime.version" value="1.8.0_275-8u275-b01-0ubuntu1~18.04-b01"/>
    <property name="user.name" value="jinesh"/>
    <property name="path.separator" value=":"/>
    <property name="os.version" value="4.15.0-121-generic"/>
    <property name="java.endorsed.dirs" value="/usr/lib/jvm/java-8-openjdk-amd64/jre/lib/endorsed"/>
    <property name="java.runtime.name" value="OpenJDK Runtime Environment"/>
    <property name="file.encoding" value="UTF-8"/>
    <property name="java.vm.name" value="OpenJDK 64-Bit Server VM"/>
    <property name="localRepository" value="/home/jinesh/.m2/repository"/>
    <property name="java.vendor.url.bug" value="http://bugreport.sun.com/bugreport/"/>
    <property name="java.io.tmpdir" value="/tmp"/>
    <property name="java.version" value="1.8.0_275"/>
    <property name="user.dir" value="/home/jinesh/JINESH/SEM_8/IQM/timezonedb-api-automation-test"/>
    <property name="os.arch" value="amd64"/>
    <property name="java.vm.specification.name" value="Java Virtual Machine Specification"/>
    <property name="java.awt.printerjob" value="sun.print.PSPrinterJob"/>
    <property name="sun.os.patch.level" value="unknown"/>
    <property name="java.library.path" value="/usr/java/packages/lib/amd64:/usr/lib/x86_64-linux-gnu/jni:/lib/x86_64-linux-gnu:/usr/lib/x86_64-linux-gnu:/usr/lib/jni:/lib:/usr/lib"/>
    <property name="java.vm.info" value="mixed mode"/>
    <property name="java.vendor" value="Private Build"/>
    <property name="java.vm.version" value="25.275-b01"/>
    <property name="java.ext.dirs" value="/usr/lib/jvm/java-8-openjdk-amd64/jre/lib/ext:/usr/java/packages/lib/ext"/>
    <property name="sun.io.unicode.encoding" value="UnicodeLittle"/>
    <property name="java.class.version" value="52.0"/>
  </properties>
  <testcase name="com.example.testsuits.TimeZoneSuite" classname="com.example.testsuits.TimeZoneSuite" time="1.621">
    <error message="Could not create a cucumber expression for &apos;It should return {String} and timezone with all {String}&apos;.&#10;It appears you did not register parameter type. The details are in the stacktrace below.&#10;You can find the documentation here: https://docs.cucumber.io/cucumber/cucumber-expressions/" type="cucumber.runtime.CucumberException">cucumber.runtime.CucumberException: 
Could not create a cucumber expression for 'It should return {String} and timezone with all {String}'.
It appears you did not register parameter type. The details are in the stacktrace below.
You can find the documentation here: https://docs.cucumber.io/cucumber/cucumber-expressions/
Caused by: io.cucumber.cucumberexpressions.UndefinedParameterTypeException: Undefined parameter type {String}. Please register a ParameterType for {String}.
</error>
    <system-out><![CDATA[17:56:48.656 [main] DEBUG net.thucydides.core.util.PropertiesFileLocalPreferences - LOADING LOCAL PROPERTIES FROM /home/jinesh/JINESH/SEM_8/IQM/timezonedb-api-automation-test/serenity.properties 
17:56:48.792 [main] DEBUG net.thucydides.core.util.PropertiesFileLocalPreferences - LOADING LOCAL PROPERTIES FROM /home/jinesh/JINESH/SEM_8/IQM/timezonedb-api-automation-test/serenity.properties 
17:56:48.792 [main] DEBUG net.thucydides.core.util.PropertiesFileLocalPreferences - LOADING LOCAL PROPERTIES FROM /home/jinesh/JINESH/SEM_8/IQM/timezonedb-api-automation-test/serenity.properties 
17:56:48.804 [main] DEBUG net.thucydides.core.util.PropertiesFileLocalPreferences - serenity.project.name=Timezonedb API Automation Test
17:56:48.804 [main] DEBUG net.thucydides.core.util.PropertiesFileLocalPreferences - serenity.maintain.session=true
17:56:48.805 [main] DEBUG net.thucydides.core.util.PropertiesFileLocalPreferences - environments.staging.advertiser.login.email=dev+stageadv@iqm.com
17:56:48.805 [main] DEBUG net.thucydides.core.util.PropertiesFileLocalPreferences - environments.default.mysql.db.user=iaa_platform
17:56:48.805 [main] DEBUG net.thucydides.core.util.PropertiesFileLocalPreferences - environments.default.mysql.db.database=iaa_platform
17:56:48.806 [main] DEBUG net.thucydides.core.util.PropertiesFileLocalPreferences - environments.staging.mysql.db.user=iaa_platform
17:56:48.806 [main] DEBUG net.thucydides.core.util.PropertiesFileLocalPreferences - environments.staging.dsp.id=43
17:56:48.806 [main] DEBUG net.thucydides.core.util.PropertiesFileLocalPreferences - environments.staging.mysql.db.password=iaaiqmind123
17:56:48.806 [main] DEBUG net.thucydides.core.util.PropertiesFileLocalPreferences - environments.prod.mysql.db.user=iaa_platform
17:56:48.806 [main] DEBUG net.thucydides.core.util.PropertiesFileLocalPreferences - environments.staging.advertiser.domain=https://autotestadv.stage.iqm.com
17:56:48.806 [main] DEBUG net.thucydides.core.util.PropertiesFileLocalPreferences - environments.default.mysql.db.port=3306
17:56:48.806 [main] DEBUG net.thucydides.core.util.PropertiesFileLocalPreferences - environments.prod.mysql.db.database=iaa_platform
17:56:48.806 [main] DEBUG net.thucydides.core.util.PropertiesFileLocalPreferences - environments.staging.mysql.db.port=3306
17:56:48.807 [main] DEBUG net.thucydides.core.util.PropertiesFileLocalPreferences - environments.default.api.base.url=https://app1.stage.iqm.com
17:56:48.807 [main] DEBUG net.thucydides.core.util.PropertiesFileLocalPreferences - environments.default.mysql.db.host=192.168.1.201
17:56:48.807 [main] DEBUG net.thucydides.core.util.PropertiesFileLocalPreferences - environments.default.mysql.db.password=password
17:56:48.807 [main] DEBUG net.thucydides.core.util.PropertiesFileLocalPreferences - environments.staging.mysql.db.host=iqm-stage.c1il7prtrihf.us-east-1.rds.amazonaws.com
17:56:48.807 [main] DEBUG net.thucydides.core.util.PropertiesFileLocalPreferences - environments.staging.mysql.db.database=iaa_platform
17:56:48.807 [main] DEBUG net.thucydides.core.util.PropertiesFileLocalPreferences - environments.staging.advertiser.id=100426
17:56:48.807 [main] DEBUG net.thucydides.core.util.PropertiesFileLocalPreferences - environments.prod.mysql.db.port=3306
17:56:48.807 [main] DEBUG net.thucydides.core.util.PropertiesFileLocalPreferences - environments.staging.api.base.url=https://autotestadv.stage.iqm.com
17:56:48.808 [main] DEBUG net.thucydides.core.util.PropertiesFileLocalPreferences - environments.prod.api.base.url=https://app.iqm.com
17:56:48.808 [main] DEBUG net.thucydides.core.util.PropertiesFileLocalPreferences - environments.staging.advertiser.login.password=12345678
17:56:48.808 [main] DEBUG net.thucydides.core.util.PropertiesFileLocalPreferences - environments.prod.mysql.db.host=172.30.2.58
17:56:48.809 [main] DEBUG net.thucydides.core.util.PropertiesFileLocalPreferences - environments.prod.mysql.db.password=iaaiqmind123
17:56:49.241 [main] DEBUG net.thucydides.core.util.PropertiesFileLocalPreferences - LOADING LOCAL PROPERTIES FROM /home/jinesh/JINESH/SEM_8/IQM/timezonedb-api-automation-test/serenity.properties 
17:56:49.265 [main] DEBUG net.thucydides.core.util.PropertiesFileLocalPreferences - LOADING LOCAL PROPERTIES FROM /home/jinesh/JINESH/SEM_8/IQM/timezonedb-api-automation-test/serenity.properties 
17:56:49.266 [main] DEBUG net.thucydides.core.util.PropertiesFileLocalPreferences - LOADING LOCAL PROPERTIES FROM /home/jinesh/JINESH/SEM_8/IQM/timezonedb-api-automation-test/serenity.properties 
17:56:49.268 [main] DEBUG net.thucydides.core.util.PropertiesFileLocalPreferences - serenity.project.name=Timezonedb API Automation Test
17:56:49.269 [main] DEBUG net.thucydides.core.util.PropertiesFileLocalPreferences - serenity.maintain.session=true
17:56:49.270 [main] DEBUG net.thucydides.core.util.PropertiesFileLocalPreferences - environments.staging.advertiser.login.email=dev+stageadv@iqm.com
17:56:49.270 [main] DEBUG net.thucydides.core.util.PropertiesFileLocalPreferences - environments.default.mysql.db.user=iaa_platform
17:56:49.270 [main] DEBUG net.thucydides.core.util.PropertiesFileLocalPreferences - environments.default.mysql.db.database=iaa_platform
17:56:49.270 [main] DEBUG net.thucydides.core.util.PropertiesFileLocalPreferences - environments.staging.mysql.db.user=iaa_platform
17:56:49.271 [main] DEBUG net.thucydides.core.util.PropertiesFileLocalPreferences - environments.staging.dsp.id=43
17:56:49.271 [main] DEBUG net.thucydides.core.util.PropertiesFileLocalPreferences - environments.staging.mysql.db.password=iaaiqmind123
17:56:49.271 [main] DEBUG net.thucydides.core.util.PropertiesFileLocalPreferences - environments.prod.mysql.db.user=iaa_platform
17:56:49.271 [main] DEBUG net.thucydides.core.util.PropertiesFileLocalPreferences - environments.staging.advertiser.domain=https://autotestadv.stage.iqm.com
17:56:49.271 [main] DEBUG net.thucydides.core.util.PropertiesFileLocalPreferences - environments.default.mysql.db.port=3306
17:56:49.271 [main] DEBUG net.thucydides.core.util.PropertiesFileLocalPreferences - environments.prod.mysql.db.database=iaa_platform
17:56:49.271 [main] DEBUG net.thucydides.core.util.PropertiesFileLocalPreferences - environments.staging.mysql.db.port=3306
17:56:49.272 [main] DEBUG net.thucydides.core.util.PropertiesFileLocalPreferences - environments.default.api.base.url=https://app1.stage.iqm.com
17:56:49.272 [main] DEBUG net.thucydides.core.util.PropertiesFileLocalPreferences - environments.default.mysql.db.host=192.168.1.201
17:56:49.272 [main] DEBUG net.thucydides.core.util.PropertiesFileLocalPreferences - environments.default.mysql.db.password=password
17:56:49.272 [main] DEBUG net.thucydides.core.util.PropertiesFileLocalPreferences - environments.staging.mysql.db.host=iqm-stage.c1il7prtrihf.us-east-1.rds.amazonaws.com
17:56:49.273 [main] DEBUG net.thucydides.core.util.PropertiesFileLocalPreferences - environments.staging.mysql.db.database=iaa_platform
17:56:49.273 [main] DEBUG net.thucydides.core.util.PropertiesFileLocalPreferences - environments.staging.advertiser.id=100426
17:56:49.273 [main] DEBUG net.thucydides.core.util.PropertiesFileLocalPreferences - environments.prod.mysql.db.port=3306
17:56:49.273 [main] DEBUG net.thucydides.core.util.PropertiesFileLocalPreferences - environments.staging.api.base.url=https://autotestadv.stage.iqm.com
17:56:49.273 [main] DEBUG net.thucydides.core.util.PropertiesFileLocalPreferences - environments.prod.api.base.url=https://app.iqm.com
17:56:49.273 [main] DEBUG net.thucydides.core.util.PropertiesFileLocalPreferences - environments.staging.advertiser.login.password=12345678
17:56:49.273 [main] DEBUG net.thucydides.core.util.PropertiesFileLocalPreferences - environments.prod.mysql.db.host=172.30.2.58
17:56:49.274 [main] DEBUG net.thucydides.core.util.PropertiesFileLocalPreferences - environments.prod.mysql.db.password=iaaiqmind123
17:56:49.284 [main] INFO net.thucydides.core.steps.ConsoleLoggingListener - 

-------------------------------------------------------------------------------------
     _______. _______ .______       _______ .__   __.  __  .___________.____    ____ 
    /       ||   ____||   _  \     |   ____||  \ |  | |  | |           |\   \  /   / 
   |   (----`|  |__   |  |_)  |    |  |__   |   \|  | |  | `---|  |----` \   \/   /  
    \   \    |   __|  |      /     |   __|  |  . `  | |  |     |  |       \_    _/   
.----)   |   |  |____ |  |\  \----.|  |____ |  |\   | |  |     |  |         |  |     
|_______/    |_______|| _| `._____||_______||__| \__| |__|     |__|         |__|    
                                                                                     
 News and tutorials at http://www.serenity-bdd.info                                  
 Documentation at https://wakaleo.gitbooks.io/the-serenity-book/content/             
 Join the Serenity Community on Rocket Chat at https://serenity-bdd.rocket.chat      
 Serenity BDD Support and Training at http://serenity-bdd.info/#/trainingandsupport  
 Learn Serenity BDD online at http://serenity-dojo.com                               
-------------------------------------------------------------------------------------

17:56:49.289 [main] DEBUG net.thucydides.core.steps.StepEventBus - Test suite started for story net.thucydides.core.model.Story@3b557c95
17:56:49.293 [main] INFO net.thucydides.core.steps.ConsoleLoggingListener - Test Suite Started: Get the timezone
]]></system-out>
    <system-err><![CDATA[Jan 08, 2021 5:56:49 PM cucumber.runtime.java.ObjectFactoryLoader loadSingleObjectFactory
WARNING: Loading deprecated ObjectFactory from runtime via reflection: cucumber.runtime.SerenityObjectFactory
]]></system-err>
  </testcase>
</testsuite>